<?xml version="1.0" encoding="UTF-8"?>
<testng-results ignored="1" total="2" passed="1" failed="0" skipped="0">
  <reporter-output>
  </reporter-output>
  <suite started-at="2023-06-27T06:49:04 EDT" name="Default suite" finished-at="2023-06-27T06:49:06 EDT" duration-ms="1611">
    <groups>
    </groups>
    <test started-at="2023-06-27T06:49:04 EDT" name="Default test" finished-at="2023-06-27T06:49:06 EDT" duration-ms="1611">
      <class name="openApi.Auth">
        <test-method signature="BearerToken()[pri:0, instance:openApi.Auth@7cc0cdad]" started-at="2023-06-27T06:49:04 EDT" name="BearerToken" finished-at="2023-06-27T06:49:06 EDT" duration-ms="1583" status="PASS">
          <reporter-output>
          </reporter-output>
        </test-method> <!-- BearerToken -->
      </class> <!-- openApi.Auth -->
    </test> <!-- Default test -->
  </suite> <!-- Default suite -->
</testng-results>
