<?xml version="1.0" encoding="UTF-8"?>
<!-- Generated by org.testng.reporters.JUnitXMLReporter -->
<testsuite ignored="0" hostname="Shika-Laptop" failures="0" tests="3" name="Default test" time="11.92" errors="0" timestamp="2023-06-19T13:52:04 EDT">
  <testcase classname="roicians.TestSelenium" name="display" time="2.066"/>
  <testcase classname="roicians.TestSelenium" name="display" time="2.091"/>
  <testcase classname="roicians.TestSelenium" name="display" time="2.068"/>
</testsuite> <!-- Default test -->
