<?xml version="1.0" encoding="UTF-8"?>
<!-- Generated by org.testng.reporters.JUnitXMLReporter -->
<testsuite ignored="0" hostname="Shika-Laptop" failures="0" tests="3" name="Regression" time="0.035" errors="0" timestamp="2023-06-19T14:24:02 EDT">
  <testcase classname="roicians.Testnew" name="writetestcases" time="0.004"/>
  <testcase classname="roicians.Testnew" name="executetestcases" time="0.002"/>
  <testcase classname="roicians.Testnew" name="Defect" time="0.0"/>
</testsuite> <!-- Regression -->
