<?xml version="1.0" encoding="UTF-8"?>
<testng-results ignored="0" total="3" passed="3" failed="0" skipped="0">
  <reporter-output>
  </reporter-output>
  <suite started-at="2023-06-25T14:06:28 EDT" name="Default suite" finished-at="2023-06-25T14:06:30 EDT" duration-ms="2335">
    <groups>
    </groups>
    <test started-at="2023-06-25T14:06:28 EDT" name="Default test" finished-at="2023-06-25T14:06:30 EDT" duration-ms="2335">
      <class name="apiTest.Auth">
        <test-method signature="basicauth()[pri:0, instance:apiTest.Auth@5c6648b0]" started-at="2023-06-25T14:06:28 EDT" name="basicauth" finished-at="2023-06-25T14:06:30 EDT" duration-ms="1758" status="PASS">
          <reporter-output>
          </reporter-output>
        </test-method> <!-- basicauth -->
        <test-method signature="bearertoken()[pri:0, instance:apiTest.Auth@5c6648b0]" started-at="2023-06-25T14:06:30 EDT" name="bearertoken" finished-at="2023-06-25T14:06:30 EDT" duration-ms="294" status="PASS">
          <reporter-output>
          </reporter-output>
        </test-method> <!-- bearertoken -->
        <test-method signature="digestauth()[pri:0, instance:apiTest.Auth@5c6648b0]" started-at="2023-06-25T14:06:30 EDT" name="digestauth" finished-at="2023-06-25T14:06:30 EDT" duration-ms="248" status="PASS">
          <reporter-output>
          </reporter-output>
        </test-method> <!-- digestauth -->
      </class> <!-- apiTest.Auth -->
    </test> <!-- Default test -->
  </suite> <!-- Default suite -->
</testng-results>
