<?xml version="1.0" encoding="UTF-8"?>
<testng-results ignored="0" total="6" passed="6" failed="0" skipped="0">
  <reporter-output>
  </reporter-output>
  <suite started-at="2023-06-19T14:24:02 EDT" name="TestNg Roicians" finished-at="2023-06-19T14:24:13 EDT" duration-ms="10829">
    <groups>
    </groups>
    <test started-at="2023-06-19T14:24:02 EDT" name="Regression" finished-at="2023-06-19T14:24:02 EDT" duration-ms="35">
      <class name="roicians.Testnew">
        <test-method is-config="true" signature="beforetest()[pri:0, instance:roicians.Testnew@4d5d943d]" started-at="2023-06-19T14:24:02 EDT" name="beforetest" finished-at="2023-06-19T14:24:02 EDT" duration-ms="1" status="PASS">
          <reporter-output>
          </reporter-output>
        </test-method> <!-- beforetest -->
        <test-method is-config="true" signature="beforeclass()[pri:0, instance:roicians.Testnew@4d5d943d]" started-at="2023-06-19T14:24:02 EDT" name="beforeclass" finished-at="2023-06-19T14:24:02 EDT" duration-ms="1" status="PASS">
          <reporter-output>
          </reporter-output>
        </test-method> <!-- beforeclass -->
        <test-method is-config="true" signature="beforemethod()[pri:0, instance:roicians.Testnew@4d5d943d]" started-at="2023-06-19T14:24:02 EDT" name="beforemethod" finished-at="2023-06-19T14:24:02 EDT" duration-ms="0" status="PASS">
          <reporter-output>
          </reporter-output>
        </test-method> <!-- beforemethod -->
        <test-method signature="writetestcases()[pri:1, instance:roicians.Testnew@4d5d943d]" started-at="2023-06-19T14:24:02 EDT" name="writetestcases" finished-at="2023-06-19T14:24:02 EDT" duration-ms="4" status="PASS">
          <reporter-output>
          </reporter-output>
        </test-method> <!-- writetestcases -->
        <test-method is-config="true" signature="aftermethod()[pri:0, instance:roicians.Testnew@4d5d943d]" started-at="2023-06-19T14:24:02 EDT" name="aftermethod" finished-at="2023-06-19T14:24:02 EDT" duration-ms="1" status="PASS">
          <reporter-output>
          </reporter-output>
        </test-method> <!-- aftermethod -->
        <test-method signature="executetestcases()[pri:2, instance:roicians.Testnew@4d5d943d]" started-at="2023-06-19T14:24:02 EDT" name="executetestcases" finished-at="2023-06-19T14:24:02 EDT" duration-ms="2" status="PASS">
          <reporter-output>
          </reporter-output>
        </test-method> <!-- executetestcases -->
        <test-method is-config="true" signature="beforemethod()[pri:0, instance:roicians.Testnew@4d5d943d]" started-at="2023-06-19T14:24:02 EDT" name="beforemethod" finished-at="2023-06-19T14:24:02 EDT" duration-ms="0" status="PASS">
          <reporter-output>
          </reporter-output>
        </test-method> <!-- beforemethod -->
        <test-method is-config="true" signature="aftermethod()[pri:0, instance:roicians.Testnew@4d5d943d]" started-at="2023-06-19T14:24:02 EDT" name="aftermethod" finished-at="2023-06-19T14:24:02 EDT" duration-ms="1" status="PASS">
          <reporter-output>
          </reporter-output>
        </test-method> <!-- aftermethod -->
        <test-method is-config="true" signature="beforemethod()[pri:0, instance:roicians.Testnew@4d5d943d]" started-at="2023-06-19T14:24:02 EDT" name="beforemethod" finished-at="2023-06-19T14:24:02 EDT" duration-ms="1" status="PASS">
          <reporter-output>
          </reporter-output>
        </test-method> <!-- beforemethod -->
        <test-method signature="Defect()[pri:3, instance:roicians.Testnew@4d5d943d]" started-at="2023-06-19T14:24:02 EDT" name="Defect" finished-at="2023-06-19T14:24:02 EDT" duration-ms="0" status="PASS">
          <reporter-output>
          </reporter-output>
        </test-method> <!-- Defect -->
        <test-method is-config="true" signature="aftermethod()[pri:0, instance:roicians.Testnew@4d5d943d]" started-at="2023-06-19T14:24:02 EDT" name="aftermethod" finished-at="2023-06-19T14:24:02 EDT" duration-ms="1" status="PASS">
          <reporter-output>
          </reporter-output>
        </test-method> <!-- aftermethod -->
        <test-method is-config="true" signature="afterclass()[pri:0, instance:roicians.Testnew@4d5d943d]" started-at="2023-06-19T14:24:02 EDT" name="afterclass" finished-at="2023-06-19T14:24:02 EDT" duration-ms="1" status="PASS">
          <reporter-output>
          </reporter-output>
        </test-method> <!-- afterclass -->
        <test-method is-config="true" signature="aftertest()[pri:0, instance:roicians.Testnew@4d5d943d]" started-at="2023-06-19T14:24:02 EDT" name="aftertest" finished-at="2023-06-19T14:24:02 EDT" duration-ms="0" status="PASS">
          <reporter-output>
          </reporter-output>
        </test-method> <!-- aftertest -->
      </class> <!-- roicians.Testnew -->
    </test> <!-- Regression -->
    <test started-at="2023-06-19T14:24:02 EDT" name="Smoke" finished-at="2023-06-19T14:24:13 EDT" duration-ms="10753">
      <class name="roicians.Testnew">
        <test-method is-config="true" signature="beforesuite()[pri:0, instance:roicians.Testnew@4d5d943d]" started-at="2023-06-19T14:24:02 EDT" name="beforesuite" finished-at="2023-06-19T14:24:02 EDT" duration-ms="6" status="PASS">
          <reporter-output>
          </reporter-output>
        </test-method> <!-- beforesuite -->
        <test-method is-config="true" signature="aftersuite()[pri:0, instance:roicians.Testnew@4d5d943d]" started-at="2023-06-19T14:24:13 EDT" name="aftersuite" finished-at="2023-06-19T14:24:13 EDT" duration-ms="0" status="PASS">
          <reporter-output>
          </reporter-output>
        </test-method> <!-- aftersuite -->
      </class> <!-- roicians.Testnew -->
      <class name="roicians.TestSelenium">
        <test-method is-config="true" signature="driversetup()[pri:0, instance:roicians.TestSelenium@31190526]" started-at="2023-06-19T14:24:02 EDT" name="driversetup" finished-at="2023-06-19T14:24:02 EDT" duration-ms="0" status="PASS">
          <reporter-output>
          </reporter-output>
        </test-method> <!-- driversetup -->
        <test-method is-config="true" signature="before()[pri:0, instance:roicians.TestSelenium@31190526]" started-at="2023-06-19T14:24:02 EDT" name="before" finished-at="2023-06-19T14:24:04 EDT" duration-ms="1741" status="PASS">
          <reporter-output>
          </reporter-output>
        </test-method> <!-- before -->
        <test-method signature="display(java.lang.String)[pri:0, instance:roicians.TestSelenium@31190526]" started-at="2023-06-19T14:24:04 EDT" name="display" data-provider="getdata" finished-at="2023-06-19T14:24:06 EDT" duration-ms="2070" status="PASS">
          <params>
            <param index="0">
              <value>
                <![CDATA[Roicians]]>
              </value>
            </param>
          </params>
          <reporter-output>
          </reporter-output>
        </test-method> <!-- display -->
        <test-method is-config="true" signature="aftermethod()[pri:0, instance:roicians.TestSelenium@31190526]" started-at="2023-06-19T14:24:06 EDT" name="aftermethod" finished-at="2023-06-19T14:24:06 EDT" duration-ms="101" status="PASS">
          <reporter-output>
          </reporter-output>
        </test-method> <!-- aftermethod -->
        <test-method is-config="true" signature="before()[pri:0, instance:roicians.TestSelenium@31190526]" started-at="2023-06-19T14:24:06 EDT" name="before" finished-at="2023-06-19T14:24:07 EDT" duration-ms="1200" status="PASS">
          <reporter-output>
          </reporter-output>
        </test-method> <!-- before -->
        <test-method signature="display(java.lang.String)[pri:0, instance:roicians.TestSelenium@31190526]" started-at="2023-06-19T14:24:07 EDT" name="display" data-provider="getdata" finished-at="2023-06-19T14:24:09 EDT" duration-ms="2094" status="PASS">
          <params>
            <param index="0">
              <value>
                <![CDATA[Roicians Automation Testing]]>
              </value>
            </param>
          </params>
          <reporter-output>
          </reporter-output>
        </test-method> <!-- display -->
        <test-method is-config="true" signature="aftermethod()[pri:0, instance:roicians.TestSelenium@31190526]" started-at="2023-06-19T14:24:09 EDT" name="aftermethod" finished-at="2023-06-19T14:24:10 EDT" duration-ms="99" status="PASS">
          <reporter-output>
          </reporter-output>
        </test-method> <!-- aftermethod -->
        <test-method is-config="true" signature="before()[pri:0, instance:roicians.TestSelenium@31190526]" started-at="2023-06-19T14:24:10 EDT" name="before" finished-at="2023-06-19T14:24:11 EDT" duration-ms="1275" status="PASS">
          <reporter-output>
          </reporter-output>
        </test-method> <!-- before -->
        <test-method signature="display(java.lang.String)[pri:0, instance:roicians.TestSelenium@31190526]" started-at="2023-06-19T14:24:11 EDT" name="display" data-provider="getdata" finished-at="2023-06-19T14:24:13 EDT" duration-ms="2072" status="PASS">
          <params>
            <param index="0">
              <value>
                <![CDATA[Roicians QA]]>
              </value>
            </param>
          </params>
          <reporter-output>
          </reporter-output>
        </test-method> <!-- display -->
        <test-method is-config="true" signature="aftermethod()[pri:0, instance:roicians.TestSelenium@31190526]" started-at="2023-06-19T14:24:13 EDT" name="aftermethod" finished-at="2023-06-19T14:24:13 EDT" duration-ms="93" status="PASS">
          <reporter-output>
          </reporter-output>
        </test-method> <!-- aftermethod -->
      </class> <!-- roicians.TestSelenium -->
    </test> <!-- Smoke -->
  </suite> <!-- TestNg Roicians -->
</testng-results>
